
> scaffl@0.1.0 build
> vite build

vite v8.0.3 building client environment for production...
[2Ktransforming...(node:20658) [MODULE_TYPELESS_PACKAGE_JSON] Warning: Module type of file:///Users/admin/Projects/html-generator/postcss.config.js?t=1775198753790 is not specified and it doesn't parse as CommonJS.
Reparsing as ES module because module syntax was detected. This incurs a performance overhead.
To eliminate this warning, add "type": "module" to /Users/admin/Projects/html-generator/package.json.
(Use `node --trace-warnings ...` to show where the warning was created)
✓ 1735 modules transformed.
✗ Build failed in 117ms
error during build:
Build failed with 1 error:

[plugin vite:css] /Users/admin/Projects/html-generator/src/index.css:undefined:NaN
Error: [postcss] It looks like you're trying to use `tailwindcss` directly as a PostCSS plugin. The PostCSS plugin has moved to a separate package, so to continue using Tailwind CSS with PostCSS you'll need to install `@tailwindcss/postcss` and update your PostCSS configuration.
    at at (/Users/admin/Projects/html-generator/node_modules/tailwindcss/dist/lib.js:38:1643)
    at LazyResult.runOnRoot (/Users/admin/Projects/html-generator/node_modules/postcss/lib/lazy-result.js:361:16)
    at LazyResult.runAsync (/Users/admin/Projects/html-generator/node_modules/postcss/lib/lazy-result.js:290:26)
    at LazyResult.async (/Users/admin/Projects/html-generator/node_modules/postcss/lib/lazy-result.js:192:30)
    at LazyResult.then (/Users/admin/Projects/html-generator/node_modules/postcss/lib/lazy-result.js:436:17)
    at aggregateBindingErrorsIntoJsError (file:///Users/admin/Projects/html-generator/node_modules/rolldown/dist/shared/error-BLhcSyeg.mjs:48:18)
    at unwrapBindingResult (file:///Users/admin/Projects/html-generator/node_modules/rolldown/dist/shared/error-BLhcSyeg.mjs:18:128)
    at #build (file:///Users/admin/Projects/html-generator/node_modules/rolldown/dist/shared/rolldown-build-CPrIX9V6.mjs:3313:34)
    at async buildEnvironment (file:///Users/admin/Projects/html-generator/node_modules/vite/dist/node/chunks/node.js:32849:64)
    at async Object.build (file:///Users/admin/Projects/html-generator/node_modules/vite/dist/node/chunks/node.js:33271:19)
    at async Object.buildApp (file:///Users/admin/Projects/html-generator/node_modules/vite/dist/node/chunks/node.js:33268:153)
    at async CAC.<anonymous> (file:///Users/admin/Projects/html-generator/node_modules/vite/dist/node/cli.js:778:3) {
  errors: [Getter/Setter]
}
