
> scaffl@0.1.0 build
> vite build

vite v8.0.3 building client environment for production...
[2Ktransforming...(node:21156) [MODULE_TYPELESS_PACKAGE_JSON] Warning: Module type of file:///Users/admin/Projects/html-generator/postcss.config.js?t=1775198824006 is not specified and it doesn't parse as CommonJS.
Reparsing as ES module because module syntax was detected. This incurs a performance overhead.
To eliminate this warning, add "type": "module" to /Users/admin/Projects/html-generator/package.json.
(Use `node --trace-warnings ...` to show where the warning was created)
Error: Cannot apply unknown utility class `border-border`. Are you using CSS modules or similar and missing `@reference`? https://tailwindcss.com/docs/functions-and-directives#reference-directive
    at onInvalidCandidate (/Users/admin/Projects/html-generator/node_modules/tailwindcss/dist/lib.js:21:1314)
    at Ee (/Users/admin/Projects/html-generator/node_modules/tailwindcss/dist/lib.js:16:37066)
    at /Users/admin/Projects/html-generator/node_modules/tailwindcss/dist/lib.js:21:355
    at _r (/Users/admin/Projects/html-generator/node_modules/tailwindcss/dist/lib.js:3:1733)
    at I (/Users/admin/Projects/html-generator/node_modules/tailwindcss/dist/lib.js:3:1377)
    at Te (/Users/admin/Projects/html-generator/node_modules/tailwindcss/dist/lib.js:21:172)
    at mn (/Users/admin/Projects/html-generator/node_modules/tailwindcss/dist/lib.js:38:294)
    at async gn (/Users/admin/Projects/html-generator/node_modules/tailwindcss/dist/lib.js:38:631)
    at async Xr (/Users/admin/Projects/html-generator/node_modules/@tailwindcss/node/dist/index.js:10:3416)
    at async N (/Users/admin/Projects/html-generator/node_modules/@tailwindcss/postcss/dist/index.js:10:3979)
✓ 1735 modules transformed.
✗ Build failed in 141ms
error during build:
Build failed with 1 error:

[plugin vite:css] /Users/admin/Projects/html-generator/src/index.css:1:0
CssSyntaxError: [postcss] tailwindcss: /Users/admin/Projects/html-generator/src/index.css:1:1: Cannot apply unknown utility class `border-border`. Are you using CSS modules or similar and missing `@reference`? https://tailwindcss.com/docs/functions-and-directives#reference-directive
    at Input.error (/Users/admin/Projects/html-generator/node_modules/postcss/lib/input.js:135:16)
    at Root.error (/Users/admin/Projects/html-generator/node_modules/postcss/lib/node.js:146:32)
    at Object.Once (/Users/admin/Projects/html-generator/node_modules/@tailwindcss/postcss/dist/index.js:10:6913)
    at async LazyResult.runAsync (/Users/admin/Projects/html-generator/node_modules/postcss/lib/lazy-result.js:293:11)
    at async runPostCSS (file:///Users/admin/Projects/html-generator/node_modules/vite/dist/node/chunks/node.js:20945:19)
    at async compilePostCSS (file:///Users/admin/Projects/html-generator/node_modules/vite/dist/node/chunks/node.js:20929:6)
    at async compileCSS (file:///Users/admin/Projects/html-generator/node_modules/vite/dist/node/chunks/node.js:20859:26)
    at async TransformPluginContextImpl.handler (file:///Users/admin/Projects/html-generator/node_modules/vite/dist/node/chunks/node.js:20375:47)
    at async plugin (file:///Users/admin/Projects/html-generator/node_modules/rolldown/dist/shared/bindingify-input-options-e7ze4hPR.mjs:1129:16)
    at async plugin.<computed> (file:///Users/admin/Projects/html-generator/node_modules/rolldown/dist/shared/bindingify-input-options-e7ze4hPR.mjs:1593:12)
    at aggregateBindingErrorsIntoJsError (file:///Users/admin/Projects/html-generator/node_modules/rolldown/dist/shared/error-BLhcSyeg.mjs:48:18)
    at unwrapBindingResult (file:///Users/admin/Projects/html-generator/node_modules/rolldown/dist/shared/error-BLhcSyeg.mjs:18:128)
    at #build (file:///Users/admin/Projects/html-generator/node_modules/rolldown/dist/shared/rolldown-build-CPrIX9V6.mjs:3313:34)
    at async buildEnvironment (file:///Users/admin/Projects/html-generator/node_modules/vite/dist/node/chunks/node.js:32849:64)
    at async Object.build (file:///Users/admin/Projects/html-generator/node_modules/vite/dist/node/chunks/node.js:33271:19)
    at async Object.buildApp (file:///Users/admin/Projects/html-generator/node_modules/vite/dist/node/chunks/node.js:33268:153)
    at async CAC.<anonymous> (file:///Users/admin/Projects/html-generator/node_modules/vite/dist/node/cli.js:778:3) {
  errors: [Getter/Setter]
}
